Using pre-set license
Built from '2020.3/release' branch; Version is '2020.3.15f2 (6cf78cb77498) revision 7141260'; Using compiler version '192528614'; Build Type 'Release'
OS: 'Windows 10 Pro; OS build 19044.1826; Version 2009; 64bit' Language: 'en' Physical Memory: 32693 MB
BatchMode: 1, IsHumanControllingUs: 0, StartBugReporterOnCrash: 0, Is64bit: 1, IsPro: 0

 COMMAND LINE ARGUMENTS:
C:\Program Files\Unity\Hub\Editor\2020.3.15f2\Editor\Unity.exe
-adb2
-batchMode
-noUpm
-name
AssetImportWorker0
-projectPath
C:/Users/Max/Documents/GitHub/HEAT
-logFile
Logs/AssetImportWorker0.log
-srvPort
55436
Successfully changed project path to: C:/Users/Max/Documents/GitHub/HEAT
C:/Users/Max/Documents/GitHub/HEAT
Using Asset Import Pipeline V2.
Refreshing native plugins compatible for Editor in 20.56 ms, found 2 plugins.
Preloading 0 native plugins for Editor in 0.00 ms.
Initialize engine version: 2020.3.15f2 (6cf78cb77498)
[Subsystems] Discovering subsystems at path C:/Program Files/Unity/Hub/Editor/2020.3.15f2/Editor/Data/Resources/UnitySubsystems
[Subsystems] Discovering subsystems at path C:/Users/Max/Documents/GitHub/HEAT/Assets
GfxDevice: creating device client; threaded=0
Direct3D:
    Version:  Direct3D 11.0 [level 11.1]
    Renderer: NVIDIA GeForce RTX 3080 (ID=0x2206)
    Vendor:   
    VRAM:     10078 MB
    Driver:   30.0.14.9649
Initialize mono
Mono path[0] = 'C:/Program Files/Unity/Hub/Editor/2020.3.15f2/Editor/Data/Managed'
Mono path[1] = 'C:/Program Files/Unity/Hub/Editor/2020.3.15f2/Editor/Data/MonoBleedingEdge/lib/mono/unityjit'
Mono config path = 'C:/Program Files/Unity/Hub/Editor/2020.3.15f2/Editor/Data/MonoBleedingEdge/etc'
Using monoOptions --debugger-agent=transport=dt_socket,embedding=1,server=y,suspend=n,address=127.0.0.1:56640
Begin MonoManager ReloadAssembly
Registering precompiled unity dll's ...
Register platform support module: C:/Program Files/Unity/Hub/Editor/2020.3.15f2/Editor/Data/PlaybackEngines/WebGLSupport/UnityEditor.WebGL.Extensions.dll
Register platform support module: C:/Program Files/Unity/Hub/Editor/2020.3.15f2/Editor/Data/PlaybackEngines/WindowsStandaloneSupport/UnityEditor.WindowsStandalone.Extensions.dll
Registered in 0.002198 seconds.
Native extension for WindowsStandalone target not found
Native extension for WebGL target not found
Refreshing native plugins compatible for Editor in 18.91 ms, found 2 plugins.
Preloading 0 native plugins for Editor in 0.00 ms.
Mono: successfully reloaded assembly
- Completed reload, in  1.022 seconds
Domain Reload Profiling:
	ReloadAssembly (1022ms)
		BeginReloadAssembly (38ms)
			ExecutionOrderSort (0ms)
			DisableScriptedObjects (0ms)
			BackupInstance (0ms)
			ReleaseScriptingObjects (0ms)
			CreateAndSetChildDomain (1ms)
		EndReloadAssembly (269ms)
			LoadAssemblies (36ms)
			RebuildTransferFunctionScriptingTraits (0ms)
			SetupTypeCache (89ms)
			ReleaseScriptCaches (0ms)
			RebuildScriptCaches (23ms)
			SetupLoadedEditorAssemblies (107ms)
				LogAssemblyErrors (0ms)
				InitializePlatformSupportModulesInManaged (4ms)
				SetLoadedEditorAssemblies (0ms)
				RefreshPlugins (19ms)
				BeforeProcessingInitializeOnLoad (9ms)
				ProcessInitializeOnLoadAttributes (57ms)
				ProcessInitializeOnLoadMethodAttributes (17ms)
				AfterProcessingInitializeOnLoad (0ms)
				EditorAssembliesLoaded (0ms)
			ExecutionOrderSort2 (0ms)
			AwakeInstancesAfterBackupRestoration (0ms)
Platform modules already initialized, skipping
Registering precompiled user dll's ...
Registered in 0.003221 seconds.
Begin MonoManager ReloadAssembly
Native extension for WindowsStandalone target not found
Native extension for WebGL target not found
Refreshing native plugins compatible for Editor in 0.32 ms, found 2 plugins.
Preloading 0 native plugins for Editor in 0.00 ms.
Mono: successfully reloaded assembly
- Completed reload, in  0.739 seconds
Domain Reload Profiling:
	ReloadAssembly (740ms)
		BeginReloadAssembly (99ms)
			ExecutionOrderSort (0ms)
			DisableScriptedObjects (3ms)
			BackupInstance (0ms)
			ReleaseScriptingObjects (0ms)
			CreateAndSetChildDomain (15ms)
		EndReloadAssembly (595ms)
			LoadAssemblies (62ms)
			RebuildTransferFunctionScriptingTraits (0ms)
			SetupTypeCache (158ms)
			ReleaseScriptCaches (0ms)
			RebuildScriptCaches (33ms)
			SetupLoadedEditorAssemblies (288ms)
				LogAssemblyErrors (0ms)
				InitializePlatformSupportModulesInManaged (5ms)
				SetLoadedEditorAssemblies (0ms)
				RefreshPlugins (0ms)
				BeforeProcessingInitializeOnLoad (66ms)
				ProcessInitializeOnLoadAttributes (207ms)
				ProcessInitializeOnLoadMethodAttributes (3ms)
				AfterProcessingInitializeOnLoad (6ms)
				EditorAssembliesLoaded (0ms)
			ExecutionOrderSort2 (0ms)
			AwakeInstancesAfterBackupRestoration (4ms)
Platform modules already initialized, skipping
========================================================================
Worker process is ready to serve import requests
Launched and connected shader compiler UnityShaderCompiler.exe after 0.03 seconds
Refreshing native plugins compatible for Editor in 0.25 ms, found 2 plugins.
Preloading 0 native plugins for Editor in 0.00 ms.
Unloading 1407 Unused Serialized files (Serialized files now loaded: 0)
System memory in use before: 65.3 MB.
System memory in use after: 65.4 MB.

Unloading 18 unused Assets to reduce memory usage. Loaded Objects now: 1842.
Total: 1.826200 ms (FindLiveObjects: 0.110200 ms CreateObjectMapping: 0.041500 ms MarkObjects: 1.624100 ms  DeleteObjects: 0.049600 ms)

AssetImportParameters requested are different than current active one (requested -> active):
  custom:framework-win-MediaFoundation: 216162199b28c13a410421893ffa2e32 -> 
  custom:video-decoder-ogg-theora: a1e56fd34408186e4bbccfd4996cb3dc -> 
  custom:container-muxer-webm: aa71ff27fc2769a1b78a27578f13a17b -> 
  custom:container-demuxer-webm: 4f35f7cbe854078d1ac9338744f61a02 -> 
  custom:container-demuxer-ogg: 62fdf1f143b41e24485cea50d1cbac27 -> 
  custom:video-encoder-webm-vp8: eb34c28f22e8b96e1ab97ce403110664 -> 
  custom:video-decoder-webm-vp8: 9c59270c3fd7afecdb556c50c9e8de78 -> 
  custom:audio-decoder-ogg-vorbis: bf7c407c2cedff20999df2af8eb42d56 -> 
  custom:audio-encoder-webm-vorbis: bf7c407c2cedff20999df2af8eb42d56 -> 
========================================================================
Received Import Request.
  path: Assets/Scenes/main.unity
  artifactKey: Guid(0b866bcceb131584bae13ad5e5e81ee5) Importer(815301076,1909f56bfc062723c751e8b465ee728b)
Start importing Assets/Scenes/main.unity using Guid(0b866bcceb131584bae13ad5e5e81ee5) Importer(815301076,1909f56bfc062723c751e8b465ee728b)  -> (artifact id: 'f8a73a900ca81f648af1cae267b9ef1a') in 0.012402 seconds 
  Import took 0.013934 seconds .

========================================================================
Received Import Request.
  Time since last request: 0.000132 seconds.
  path: Assets/Scenes
  artifactKey: Guid(06f40c819cf3b734dacd6e22e191e665) Importer(815301076,1909f56bfc062723c751e8b465ee728b)
Start importing Assets/Scenes using Guid(06f40c819cf3b734dacd6e22e191e665) Importer(815301076,1909f56bfc062723c751e8b465ee728b)  -> (artifact id: 'b8d9f6856c3777a69c52b6e2d7a8c73a') in 0.005099 seconds 
  Import took 0.006209 seconds .

========================================================================
Received Import Request.
  Time since last request: 34.067974 seconds.
  path: Assets/Scripts/PlayerHealth.cs
  artifactKey: Guid(96c423f1aa9832249a6816a128f8d17c) Importer(815301076,1909f56bfc062723c751e8b465ee728b)
Start importing Assets/Scripts/PlayerHealth.cs using Guid(96c423f1aa9832249a6816a128f8d17c) Importer(815301076,1909f56bfc062723c751e8b465ee728b)  -> (artifact id: '72b9218a44ab7f1b14e9fff7287cc322') in 0.023315 seconds 
  Import took 0.025054 seconds .

========================================================================
Received Import Request.
  Time since last request: 0.001795 seconds.
  path: Assets/Scripts/PlayerHealth.cs
  artifactKey: Guid(96c423f1aa9832249a6816a128f8d17c) Importer(815301076,1909f56bfc062723c751e8b465ee728b)
Start importing Assets/Scripts/PlayerHealth.cs using Guid(96c423f1aa9832249a6816a128f8d17c) Importer(815301076,1909f56bfc062723c751e8b465ee728b)  -> (artifact id: '72b9218a44ab7f1b14e9fff7287cc322') in 0.002174 seconds 
  Import took 0.003383 seconds .

========================================================================
Received Import Request.
  Time since last request: 3.609255 seconds.
  path: Assets/Scripts/PlayerMovement.cs
  artifactKey: Guid(fe1c9578d4743c942a109dae8a3efcaf) Importer(815301076,1909f56bfc062723c751e8b465ee728b)
Start importing Assets/Scripts/PlayerMovement.cs using Guid(fe1c9578d4743c942a109dae8a3efcaf) Importer(815301076,1909f56bfc062723c751e8b465ee728b)  -> (artifact id: 'e7ad3df04c92d39d3094badce4809ba2') in 0.005828 seconds 
  Import took 0.007507 seconds .

========================================================================
Received Prepare
Registering precompiled user dll's ...
Registered in 0.002995 seconds.
Begin MonoManager ReloadAssembly
Native extension for WindowsStandalone target not found
Native extension for WebGL target not found
Refreshing native plugins compatible for Editor in 0.27 ms, found 2 plugins.
Preloading 0 native plugins for Editor in 0.00 ms.
Mono: successfully reloaded assembly
- Completed reload, in  0.694 seconds
Domain Reload Profiling:
	ReloadAssembly (694ms)
		BeginReloadAssembly (84ms)
			ExecutionOrderSort (0ms)
			DisableScriptedObjects (3ms)
			BackupInstance (0ms)
			ReleaseScriptingObjects (0ms)
			CreateAndSetChildDomain (25ms)
		EndReloadAssembly (566ms)
			LoadAssemblies (59ms)
			RebuildTransferFunctionScriptingTraits (0ms)
			SetupTypeCache (161ms)
			ReleaseScriptCaches (1ms)
			RebuildScriptCaches (28ms)
			SetupLoadedEditorAssemblies (264ms)
				LogAssemblyErrors (0ms)
				InitializePlatformSupportModulesInManaged (4ms)
				SetLoadedEditorAssemblies (0ms)
				RefreshPlugins (0ms)
				BeforeProcessingInitializeOnLoad (59ms)
				ProcessInitializeOnLoadAttributes (192ms)
				ProcessInitializeOnLoadMethodAttributes (2ms)
				AfterProcessingInitializeOnLoad (6ms)
				EditorAssembliesLoaded (0ms)
			ExecutionOrderSort2 (0ms)
			AwakeInstancesAfterBackupRestoration (4ms)
Platform modules already initialized, skipping
Refreshing native plugins compatible for Editor in 0.18 ms, found 2 plugins.
Preloading 0 native plugins for Editor in 0.00 ms.
Unloading 1401 Unused Serialized files (Serialized files now loaded: 0)
System memory in use before: 65.0 MB.
System memory in use after: 65.1 MB.

Unloading 13 unused Assets to reduce memory usage. Loaded Objects now: 1845.
Total: 1.628300 ms (FindLiveObjects: 0.124500 ms CreateObjectMapping: 0.035900 ms MarkObjects: 1.453800 ms  DeleteObjects: 0.013500 ms)

AssetImportParameters requested are different than current active one (requested -> active):
  custom:framework-win-MediaFoundation: 216162199b28c13a410421893ffa2e32 -> 
  custom:video-decoder-ogg-theora: a1e56fd34408186e4bbccfd4996cb3dc -> 
  custom:container-muxer-webm: aa71ff27fc2769a1b78a27578f13a17b -> 
  custom:container-demuxer-webm: 4f35f7cbe854078d1ac9338744f61a02 -> 
  custom:container-demuxer-ogg: 62fdf1f143b41e24485cea50d1cbac27 -> 
  custom:video-encoder-webm-vp8: eb34c28f22e8b96e1ab97ce403110664 -> 
  custom:video-decoder-webm-vp8: 9c59270c3fd7afecdb556c50c9e8de78 -> 
  custom:audio-decoder-ogg-vorbis: bf7c407c2cedff20999df2af8eb42d56 -> 
  custom:audio-encoder-webm-vorbis: bf7c407c2cedff20999df2af8eb42d56 -> 
========================================================================
Received Import Request.
  Time since last request: 120.925216 seconds.
  path: Assets/Scripts/PlayerMovement.cs
  artifactKey: Guid(fe1c9578d4743c942a109dae8a3efcaf) Importer(815301076,1909f56bfc062723c751e8b465ee728b)
Start importing Assets/Scripts/PlayerMovement.cs using Guid(fe1c9578d4743c942a109dae8a3efcaf) Importer(815301076,1909f56bfc062723c751e8b465ee728b)  -> (artifact id: 'bfca22014b238e9eaf3026a00d176e48') in 0.003742 seconds 
  Import took 0.005247 seconds .

========================================================================
Received Prepare
Registering precompiled user dll's ...
Registered in 0.003025 seconds.
Begin MonoManager ReloadAssembly
Native extension for WindowsStandalone target not found
Native extension for WebGL target not found
Refreshing native plugins compatible for Editor in 0.34 ms, found 2 plugins.
Preloading 0 native plugins for Editor in 0.00 ms.
Mono: successfully reloaded assembly
- Completed reload, in  0.720 seconds
Domain Reload Profiling:
	ReloadAssembly (721ms)
		BeginReloadAssembly (89ms)
			ExecutionOrderSort (0ms)
			DisableScriptedObjects (4ms)
			BackupInstance (0ms)
			ReleaseScriptingObjects (0ms)
			CreateAndSetChildDomain (28ms)
		EndReloadAssembly (589ms)
			LoadAssemblies (60ms)
			RebuildTransferFunctionScriptingTraits (0ms)
			SetupTypeCache (156ms)
			ReleaseScriptCaches (1ms)
			RebuildScriptCaches (30ms)
			SetupLoadedEditorAssemblies (284ms)
				LogAssemblyErrors (0ms)
				InitializePlatformSupportModulesInManaged (5ms)
				SetLoadedEditorAssemblies (1ms)
				RefreshPlugins (0ms)
				BeforeProcessingInitializeOnLoad (69ms)
				ProcessInitializeOnLoadAttributes (200ms)
				ProcessInitializeOnLoadMethodAttributes (2ms)
				AfterProcessingInitializeOnLoad (6ms)
				EditorAssembliesLoaded (0ms)
			ExecutionOrderSort2 (0ms)
			AwakeInstancesAfterBackupRestoration (5ms)
Platform modules already initialized, skipping
Refreshing native plugins compatible for Editor in 0.35 ms, found 2 plugins.
Preloading 0 native plugins for Editor in 0.00 ms.
Unloading 1401 Unused Serialized files (Serialized files now loaded: 0)
System memory in use before: 65.0 MB.
System memory in use after: 65.1 MB.

Unloading 13 unused Assets to reduce memory usage. Loaded Objects now: 1848.
Total: 1.823200 ms (FindLiveObjects: 0.139300 ms CreateObjectMapping: 0.037500 ms MarkObjects: 1.630400 ms  DeleteObjects: 0.015300 ms)

AssetImportParameters requested are different than current active one (requested -> active):
  custom:framework-win-MediaFoundation: 216162199b28c13a410421893ffa2e32 -> 
  custom:video-decoder-ogg-theora: a1e56fd34408186e4bbccfd4996cb3dc -> 
  custom:container-muxer-webm: aa71ff27fc2769a1b78a27578f13a17b -> 
  custom:container-demuxer-webm: 4f35f7cbe854078d1ac9338744f61a02 -> 
  custom:container-demuxer-ogg: 62fdf1f143b41e24485cea50d1cbac27 -> 
  custom:video-encoder-webm-vp8: eb34c28f22e8b96e1ab97ce403110664 -> 
  custom:video-decoder-webm-vp8: 9c59270c3fd7afecdb556c50c9e8de78 -> 
  custom:audio-decoder-ogg-vorbis: bf7c407c2cedff20999df2af8eb42d56 -> 
  custom:audio-encoder-webm-vorbis: bf7c407c2cedff20999df2af8eb42d56 -> 
========================================================================
Received Prepare
Refreshing native plugins compatible for Editor in 2.67 ms, found 2 plugins.
Preloading 0 native plugins for Editor in 0.00 ms.
Unloading 11 Unused Serialized files (Serialized files now loaded: 0)
System memory in use before: 37.6 MB.
System memory in use after: 37.7 MB.

Unloading 11 unused Assets to reduce memory usage. Loaded Objects now: 1848.
Total: 1.681500 ms (FindLiveObjects: 0.132600 ms CreateObjectMapping: 0.026800 ms MarkObjects: 1.512100 ms  DeleteObjects: 0.009500 ms)

AssetImportParameters requested are different than current active one (requested -> active):
  custom:framework-win-MediaFoundation: 216162199b28c13a410421893ffa2e32 -> 
  custom:video-decoder-ogg-theora: a1e56fd34408186e4bbccfd4996cb3dc -> 
  custom:container-muxer-webm: aa71ff27fc2769a1b78a27578f13a17b -> 
  custom:container-demuxer-webm: 4f35f7cbe854078d1ac9338744f61a02 -> 
  custom:container-demuxer-ogg: 62fdf1f143b41e24485cea50d1cbac27 -> 
  custom:video-encoder-webm-vp8: eb34c28f22e8b96e1ab97ce403110664 -> 
  custom:video-decoder-webm-vp8: 9c59270c3fd7afecdb556c50c9e8de78 -> 
  custom:audio-decoder-ogg-vorbis: bf7c407c2cedff20999df2af8eb42d56 -> 
  custom:audio-encoder-webm-vorbis: bf7c407c2cedff20999df2af8eb42d56 -> 
========================================================================
Received Prepare
Refreshing native plugins compatible for Editor in 2.35 ms, found 2 plugins.
Preloading 0 native plugins for Editor in 0.00 ms.
Unloading 11 Unused Serialized files (Serialized files now loaded: 0)
System memory in use before: 37.6 MB.
System memory in use after: 37.8 MB.

Unloading 11 unused Assets to reduce memory usage. Loaded Objects now: 1848.
Total: 1.830900 ms (FindLiveObjects: 0.108700 ms CreateObjectMapping: 0.028200 ms MarkObjects: 1.681000 ms  DeleteObjects: 0.012600 ms)

AssetImportParameters requested are different than current active one (requested -> active):
  custom:framework-win-MediaFoundation: 216162199b28c13a410421893ffa2e32 -> 
  custom:video-decoder-ogg-theora: a1e56fd34408186e4bbccfd4996cb3dc -> 
  custom:container-muxer-webm: aa71ff27fc2769a1b78a27578f13a17b -> 
  custom:container-demuxer-webm: 4f35f7cbe854078d1ac9338744f61a02 -> 
  custom:container-demuxer-ogg: 62fdf1f143b41e24485cea50d1cbac27 -> 
  custom:video-encoder-webm-vp8: eb34c28f22e8b96e1ab97ce403110664 -> 
  custom:video-decoder-webm-vp8: 9c59270c3fd7afecdb556c50c9e8de78 -> 
  custom:audio-decoder-ogg-vorbis: bf7c407c2cedff20999df2af8eb42d56 -> 
  custom:audio-encoder-webm-vorbis: bf7c407c2cedff20999df2af8eb42d56 -> 
========================================================================
Received Prepare
Refreshing native plugins compatible for Editor in 2.43 ms, found 2 plugins.
Preloading 0 native plugins for Editor in 0.00 ms.
Unloading 11 Unused Serialized files (Serialized files now loaded: 0)
System memory in use before: 37.6 MB.
System memory in use after: 37.8 MB.

Unloading 11 unused Assets to reduce memory usage. Loaded Objects now: 1848.
Total: 1.696100 ms (FindLiveObjects: 0.137100 ms CreateObjectMapping: 0.030400 ms MarkObjects: 1.514400 ms  DeleteObjects: 0.013700 ms)

AssetImportParameters requested are different than current active one (requested -> active):
  custom:framework-win-MediaFoundation: 216162199b28c13a410421893ffa2e32 -> 
  custom:video-decoder-ogg-theora: a1e56fd34408186e4bbccfd4996cb3dc -> 
  custom:container-muxer-webm: aa71ff27fc2769a1b78a27578f13a17b -> 
  custom:container-demuxer-webm: 4f35f7cbe854078d1ac9338744f61a02 -> 
  custom:container-demuxer-ogg: 62fdf1f143b41e24485cea50d1cbac27 -> 
  custom:video-encoder-webm-vp8: eb34c28f22e8b96e1ab97ce403110664 -> 
  custom:video-decoder-webm-vp8: 9c59270c3fd7afecdb556c50c9e8de78 -> 
  custom:audio-decoder-ogg-vorbis: bf7c407c2cedff20999df2af8eb42d56 -> 
  custom:audio-encoder-webm-vorbis: bf7c407c2cedff20999df2af8eb42d56 -> 
========================================================================
Received Import Request.
  Time since last request: 710.975224 seconds.
  path: Assets/Sounds/bossDeath1.wav
  artifactKey: Guid(7202bf1cca77da749ac8bd4c1bb1dcf3) Importer(815301076,1909f56bfc062723c751e8b465ee728b)
Start importing Assets/Sounds/bossDeath1.wav using Guid(7202bf1cca77da749ac8bd4c1bb1dcf3) Importer(815301076,1909f56bfc062723c751e8b465ee728b)  -> (artifact id: '7f2e69f0e1a7eb0996bb950e7c32ad97') in 0.069961 seconds 
  Import took 0.071958 seconds .

========================================================================
Received Import Request.
  Time since last request: 0.000134 seconds.
  path: Assets/Sounds/chat1.wav
  artifactKey: Guid(25567792f3e655f49a6d3b6ea12ad0c5) Importer(815301076,1909f56bfc062723c751e8b465ee728b)
Start importing Assets/Sounds/chat1.wav using Guid(25567792f3e655f49a6d3b6ea12ad0c5) Importer(815301076,1909f56bfc062723c751e8b465ee728b)  -> (artifact id: 'e477edffd80c6f308499cb4b86f7eb60') in 0.010725 seconds 
  Import took 0.012274 seconds .

========================================================================
Received Import Request.
  Time since last request: 0.000122 seconds.
  path: Assets/Sounds/heroDamage1.wav
  artifactKey: Guid(580731309b8ab6b4b9081ead1387f6d7) Importer(815301076,1909f56bfc062723c751e8b465ee728b)
Start importing Assets/Sounds/heroDamage1.wav using Guid(580731309b8ab6b4b9081ead1387f6d7) Importer(815301076,1909f56bfc062723c751e8b465ee728b)  -> (artifact id: '7e4b7ca9675a0cc4dbb394d828489764') in 0.010038 seconds 
  Import took 0.011481 seconds .

========================================================================
Received Import Request.
  Time since last request: 0.000098 seconds.
  path: Assets/Sounds/rocketExplosion1.wav
  artifactKey: Guid(520be742d4ffa7448bcd166c1472fbd9) Importer(815301076,1909f56bfc062723c751e8b465ee728b)
Start importing Assets/Sounds/rocketExplosion1.wav using Guid(520be742d4ffa7448bcd166c1472fbd9) Importer(815301076,1909f56bfc062723c751e8b465ee728b)  -> (artifact id: 'c1779a792e6eee4f2376341a298ddb76') in 0.012138 seconds 
  Import took 0.013424 seconds .

========================================================================
Received Import Request.
  Time since last request: 0.000123 seconds.
  path: Assets/Sounds/droneSpawn1.wav
  artifactKey: Guid(00d175677e485084e877b40bf523ff19) Importer(815301076,1909f56bfc062723c751e8b465ee728b)
Start importing Assets/Sounds/droneSpawn1.wav using Guid(00d175677e485084e877b40bf523ff19) Importer(815301076,1909f56bfc062723c751e8b465ee728b)  -> (artifact id: 'd5df59a0692f2a4d68abf24f0d6d12f4') in 0.008778 seconds 
  Import took 0.009965 seconds .

========================================================================
Received Import Request.
  Time since last request: 0.000092 seconds.
  path: Assets/Sounds/hearoDeath1.wav
  artifactKey: Guid(8cd7a02fc4329e5488c10c621b42fc6b) Importer(815301076,1909f56bfc062723c751e8b465ee728b)
Start importing Assets/Sounds/hearoDeath1.wav using Guid(8cd7a02fc4329e5488c10c621b42fc6b) Importer(815301076,1909f56bfc062723c751e8b465ee728b)  -> (artifact id: 'c4c88853cb58f551e43ffbe88159f014') in 0.009127 seconds 
  Import took 0.010633 seconds .

========================================================================
Received Import Request.
  Time since last request: 0.000108 seconds.
  path: Assets/Sounds/droneDeath1.wav
  artifactKey: Guid(9bd113ab0deb9fe49ac3bf3858d194c8) Importer(815301076,1909f56bfc062723c751e8b465ee728b)
Start importing Assets/Sounds/droneDeath1.wav using Guid(9bd113ab0deb9fe49ac3bf3858d194c8) Importer(815301076,1909f56bfc062723c751e8b465ee728b)  -> (artifact id: '4907c9f44dc5bf0ff654f18ff80b2826') in 0.013498 seconds 
  Import took 0.014891 seconds .

========================================================================
Received Import Request.
  Time since last request: 0.000122 seconds.
  path: Assets/Sounds/rocketMove1.wav
  artifactKey: Guid(b9111c6608bb4814e9d2e6928067b2dc) Importer(815301076,1909f56bfc062723c751e8b465ee728b)
Start importing Assets/Sounds/rocketMove1.wav using Guid(b9111c6608bb4814e9d2e6928067b2dc) Importer(815301076,1909f56bfc062723c751e8b465ee728b)  -> (artifact id: '5ec9753e109a696be918d9e845a3c69d') in 0.009353 seconds 
  Import took 0.010571 seconds .

========================================================================
Received Import Request.
  Time since last request: 0.000112 seconds.
  path: Assets/Sounds/heroDamage2.wav
  artifactKey: Guid(f0a35ab7d5e194c43878ccfb23c58f81) Importer(815301076,1909f56bfc062723c751e8b465ee728b)
Start importing Assets/Sounds/heroDamage2.wav using Guid(f0a35ab7d5e194c43878ccfb23c58f81) Importer(815301076,1909f56bfc062723c751e8b465ee728b)  -> (artifact id: '43401cbcc508d4fece0130959366e8e1') in 0.010600 seconds 
  Import took 0.011903 seconds .

========================================================================
Received Import Request.
  Time since last request: 0.009018 seconds.
  path: Assets/Sounds/heroDamage2.wav
  artifactKey: Guid(f0a35ab7d5e194c43878ccfb23c58f81) Importer(815301076,1909f56bfc062723c751e8b465ee728b)
Start importing Assets/Sounds/heroDamage2.wav using Guid(f0a35ab7d5e194c43878ccfb23c58f81) Importer(815301076,1909f56bfc062723c751e8b465ee728b)  -> (artifact id: '43401cbcc508d4fece0130959366e8e1') in 0.007610 seconds 
  Import took 0.009374 seconds .

========================================================================
Received Import Request.
  Time since last request: 1.124766 seconds.
  path: Assets/Scripts/Boss.cs
  artifactKey: Guid(1a296bd3228aa8b409476f896e290bfb) Importer(815301076,1909f56bfc062723c751e8b465ee728b)
Start importing Assets/Scripts/Boss.cs using Guid(1a296bd3228aa8b409476f896e290bfb) Importer(815301076,1909f56bfc062723c751e8b465ee728b)  -> (artifact id: '8bc930554c1fe2c2797084e07feb125c') in 0.006235 seconds 
  Import took 0.008029 seconds .

========================================================================
Received Import Request.
  Time since last request: 0.003108 seconds.
  path: Assets/Scripts/Boss.cs
  artifactKey: Guid(1a296bd3228aa8b409476f896e290bfb) Importer(815301076,1909f56bfc062723c751e8b465ee728b)
Start importing Assets/Scripts/Boss.cs using Guid(1a296bd3228aa8b409476f896e290bfb) Importer(815301076,1909f56bfc062723c751e8b465ee728b)  -> (artifact id: '8bc930554c1fe2c2797084e07feb125c') in 0.002005 seconds 
  Import took 0.003432 seconds .

========================================================================
Received Import Request.
  Time since last request: 2.953106 seconds.
  path: Assets/Scripts/Drone.cs
  artifactKey: Guid(31113b14d7dc0f84fb03dad52aa6ed24) Importer(815301076,1909f56bfc062723c751e8b465ee728b)
Start importing Assets/Scripts/Drone.cs using Guid(31113b14d7dc0f84fb03dad52aa6ed24) Importer(815301076,1909f56bfc062723c751e8b465ee728b)  -> (artifact id: '12a9f6dca1eb4d361d2f78428475a9e0') in 0.005759 seconds 
  Import took 0.007697 seconds .

========================================================================
Received Import Request.
  Time since last request: 1.151604 seconds.
  path: Assets/Scripts/DroneSpawner.cs
  artifactKey: Guid(e7e82ba6d8989eb469f65fe2c49c759e) Importer(815301076,1909f56bfc062723c751e8b465ee728b)
Start importing Assets/Scripts/DroneSpawner.cs using Guid(e7e82ba6d8989eb469f65fe2c49c759e) Importer(815301076,1909f56bfc062723c751e8b465ee728b)  -> (artifact id: '4cadf387d4f673e83c8101763413dc1a') in 0.005581 seconds 
  Import took 0.007247 seconds .

========================================================================
Received Import Request.
  Time since last request: 1.843123 seconds.
  path: Assets/Scripts/EntityFactory.cs
  artifactKey: Guid(c3c56045531aaec47924646314078398) Importer(815301076,1909f56bfc062723c751e8b465ee728b)
Start importing Assets/Scripts/EntityFactory.cs using Guid(c3c56045531aaec47924646314078398) Importer(815301076,1909f56bfc062723c751e8b465ee728b)  -> (artifact id: '49395d96c86ab7193272e3386eb34cfc') in 0.006077 seconds 
  Import took 0.007865 seconds .

========================================================================
Received Import Request.
  Time since last request: 1.546938 seconds.
  path: Assets/Scripts/MenuManager.cs
  artifactKey: Guid(1b5dd7680dbc29f4ba6283253e88ec0e) Importer(815301076,1909f56bfc062723c751e8b465ee728b)
Start importing Assets/Scripts/MenuManager.cs using Guid(1b5dd7680dbc29f4ba6283253e88ec0e) Importer(815301076,1909f56bfc062723c751e8b465ee728b)  -> (artifact id: '2e41bbb68ade01394079072dea540eba') in 0.006173 seconds 
  Import took 0.008084 seconds .

========================================================================
Received Import Request.
  Time since last request: 4.978117 seconds.
  path: Assets/Scripts/ParticleSystemKiller.cs
  artifactKey: Guid(3d565d96f33c7fa44b8c3f2d9a7866f2) Importer(815301076,1909f56bfc062723c751e8b465ee728b)
Start importing Assets/Scripts/ParticleSystemKiller.cs using Guid(3d565d96f33c7fa44b8c3f2d9a7866f2) Importer(815301076,1909f56bfc062723c751e8b465ee728b)  -> (artifact id: 'f5f96ca6b5db1be427dece751ab5b7e3') in 0.005702 seconds 
  Import took 0.007336 seconds .

========================================================================
Received Import Request.
  Time since last request: 1.201423 seconds.
  path: Assets/Scripts/PlayerAttack.cs
  artifactKey: Guid(c476cbab68ab79545a57948e67b2d720) Importer(815301076,1909f56bfc062723c751e8b465ee728b)
Start importing Assets/Scripts/PlayerAttack.cs using Guid(c476cbab68ab79545a57948e67b2d720) Importer(815301076,1909f56bfc062723c751e8b465ee728b)  -> (artifact id: '5c153305622089de832d22c38584d638') in 0.005583 seconds 
  Import took 0.007245 seconds .

========================================================================
Received Import Request.
  Time since last request: 2.149029 seconds.
  path: Assets/Scripts/Rocket.cs
  artifactKey: Guid(a814d7a1d92c21947b69e09cc8f28c50) Importer(815301076,1909f56bfc062723c751e8b465ee728b)
Start importing Assets/Scripts/Rocket.cs using Guid(a814d7a1d92c21947b69e09cc8f28c50) Importer(815301076,1909f56bfc062723c751e8b465ee728b)  -> (artifact id: '7fa5a3ee3c783c8c3217c64ceb7bf05e') in 0.005735 seconds 
  Import took 0.007802 seconds .

========================================================================
Received Import Request.
  Time since last request: 1.151687 seconds.
  path: Assets/Scripts/StoryManager.cs
  artifactKey: Guid(ca83744e4a013cc42b59f0038c5bef13) Importer(815301076,1909f56bfc062723c751e8b465ee728b)
Start importing Assets/Scripts/StoryManager.cs using Guid(ca83744e4a013cc42b59f0038c5bef13) Importer(815301076,1909f56bfc062723c751e8b465ee728b)  -> (artifact id: '46b82c676d2cb9f114c919da8b759be1') in 0.005809 seconds 
  Import took 0.007550 seconds .

========================================================================
Received Prepare
Registering precompiled user dll's ...
Registered in 0.002973 seconds.
Begin MonoManager ReloadAssembly
Native extension for WindowsStandalone target not found
Native extension for WebGL target not found
Refreshing native plugins compatible for Editor in 0.27 ms, found 2 plugins.
Preloading 0 native plugins for Editor in 0.00 ms.
Mono: successfully reloaded assembly
- Completed reload, in  0.704 seconds
Domain Reload Profiling:
	ReloadAssembly (704ms)
		BeginReloadAssembly (80ms)
			ExecutionOrderSort (0ms)
			DisableScriptedObjects (3ms)
			BackupInstance (0ms)
			ReleaseScriptingObjects (0ms)
			CreateAndSetChildDomain (26ms)
		EndReloadAssembly (581ms)
			LoadAssemblies (57ms)
			RebuildTransferFunctionScriptingTraits (0ms)
			SetupTypeCache (158ms)
			ReleaseScriptCaches (1ms)
			RebuildScriptCaches (32ms)
			SetupLoadedEditorAssemblies (275ms)
				LogAssemblyErrors (0ms)
				InitializePlatformSupportModulesInManaged (5ms)
				SetLoadedEditorAssemblies (0ms)
				RefreshPlugins (0ms)
				BeforeProcessingInitializeOnLoad (59ms)
				ProcessInitializeOnLoadAttributes (200ms)
				ProcessInitializeOnLoadMethodAttributes (2ms)
				AfterProcessingInitializeOnLoad (8ms)
				EditorAssembliesLoaded (0ms)
			ExecutionOrderSort2 (0ms)
			AwakeInstancesAfterBackupRestoration (5ms)
Platform modules already initialized, skipping
Refreshing native plugins compatible for Editor in 0.22 ms, found 2 plugins.
Preloading 0 native plugins for Editor in 0.00 ms.
Unloading 1401 Unused Serialized files (Serialized files now loaded: 0)
System memory in use before: 68.2 MB.
System memory in use after: 68.3 MB.

Unloading 13 unused Assets to reduce memory usage. Loaded Objects now: 1860.
Total: 1.780900 ms (FindLiveObjects: 0.124400 ms CreateObjectMapping: 0.030700 ms MarkObjects: 1.611100 ms  DeleteObjects: 0.013900 ms)

AssetImportParameters requested are different than current active one (requested -> active):
  custom:framework-win-MediaFoundation: 216162199b28c13a410421893ffa2e32 -> 
  custom:video-decoder-ogg-theora: a1e56fd34408186e4bbccfd4996cb3dc -> 
  custom:container-muxer-webm: aa71ff27fc2769a1b78a27578f13a17b -> 
  custom:container-demuxer-webm: 4f35f7cbe854078d1ac9338744f61a02 -> 
  custom:container-demuxer-ogg: 62fdf1f143b41e24485cea50d1cbac27 -> 
  custom:video-encoder-webm-vp8: eb34c28f22e8b96e1ab97ce403110664 -> 
  custom:video-decoder-webm-vp8: 9c59270c3fd7afecdb556c50c9e8de78 -> 
  custom:audio-decoder-ogg-vorbis: bf7c407c2cedff20999df2af8eb42d56 -> 
  custom:audio-encoder-webm-vorbis: bf7c407c2cedff20999df2af8eb42d56 -> 
